<?xml version="1.0" encoding="UTF-8"?>
<!-- Generated by org.testng.reporters.JUnitReportReporter -->
<testsuite hostname="DESKTOP-8ELAK02" failures="0" tests="1" name="sample.SaucedemoTest" time="31.698" errors="0" timestamp="2023-02-18T21:52:41 BDT" skipped="0">
  <testcase classname="sample.SaucedemoTest" name="goToOrderTest" time="31.698"/>
  <system-out/>
</testsuite> <!-- sample.SaucedemoTest -->
